/*C3*/SET SCHEMA PUBLIC
DROP TABLE rentalVehiclesDb IF EXISTS
CREATE TABLE rentalVehiclesDb (id INTEGER NOT NULL IDENTITY,model VARCHAR(50) ,producedVehicles DECIMAL(12,00) ,rentalPricePerDay DECIMAL(12,00) ,aantalPersons INTEGER ,vehicleType VARCHAR(25) ,manufactureDate DATE ,vehicleRegNr VARCHAR(25)  ) 
INSERT INTO RENTALVEHICLESDB VALUES(0,'Toyota Camry',200000,80,4,'CAR','2022-01-01','ABC123')
COMMIT
INSERT INTO RENTALVEHICLESDB VALUES(1,'Honda CR-V',350000,100,5,'SUV','2021-12-15','XYZ456')
COMMIT
INSERT INTO RENTALVEHICLESDB VALUES(2,'Ford Focus',150000,70,4,'CAR','2020-02-10','DEF789')
COMMIT
INSERT INTO RENTALVEHICLESDB VALUES(3,'Chevrolet Silverado',500000,150,6,'PICKUP_TRUCK','2019-11-05','GHI101')
COMMIT
INSERT INTO RENTALVEHICLESDB VALUES(4,'Volkswagen Golf',400000,75,4,'CAR','2022-03-20','JKL202')
COMMIT
INSERT INTO RENTALVEHICLESDB VALUES(5,'Jeep Wrangler',600000,120,5,'SUV','2021-10-08','MNO303')
COMMIT
INSERT INTO RENTALVEHICLESDB VALUES(6,'Toyota Prius',280000,60,4,'HYBRID_CAR','2022-04-15','PQR404')
COMMIT
INSERT INTO RENTALVEHICLESDB VALUES(7,'Ford Mustang',385000,130,2,'SPORTS_CAR','2021-09-25','STU505')
COMMIT
INSERT INTO RENTALVEHICLESDB VALUES(8,'Nissan Rogue',455000,95,5,'SUV','2023-05-12','VWX606')
COMMIT
INSERT INTO RENTALVEHICLESDB VALUES(9,'Honda Civic',670000,70,4,'CAR','2021-08-14','YZA707')
COMMIT
INSERT INTO RENTALVEHICLESDB VALUES(10,'Tesla Model 3',480000,150,4,'ELECTRIC_VEHICLE','2021-07-09','CDC909')
COMMIT
INSERT INTO RENTALVEHICLESDB VALUES(11,'Audi A4',670000,90,4,'LUXURY_CAR','2018-06-04','EFE111')
COMMIT
INSERT INTO RENTALVEHICLESDB VALUES(12,'Mercedes-Benz E-Class',250000,120,4,'LUXURY_CAR','2022-09-10','HHH313')
COMMIT
INSERT INTO RENTALVEHICLESDB VALUES(13,'BMW X5',500000,110,5,'SUV','2022-08-18','III424')
COMMIT
INSERT INTO RENTALVEHICLESDB VALUES(14,'Audi A3',520000,90,4,'LUXURY_CAR','2022-07-25','JJJ535')
COMMIT
INSERT INTO RENTALVEHICLESDB VALUES(15,'Toyota RAV4',380000,95,5,'SUV','2022-06-12','KKK646')
COMMIT
INSERT INTO RENTALVEHICLESDB VALUES(16,'Ford Escape',530000,85,5,'SUV','2022-05-29','LLL757')
COMMIT
INSERT INTO RENTALVEHICLESDB VALUES(17,'Chevrolet Equinox',390000,95,5,'SUV','2022-03-14','NNN979')
COMMIT
INSERT INTO RENTALVEHICLESDB VALUES(18,'Volkswagen Passat',700000,80,4,'SEDAN','2022-02-22','OOO090')
COMMIT
INSERT INTO RENTALVEHICLESDB VALUES(19,'Nissan Altima',560000,75,4,'SEDAN','2022-01-30','PPP101')
COMMIT
DELETE FROM RENTALVEHICLESDB WHERE ID=0
DELETE FROM RENTALVEHICLESDB WHERE ID=1
DELETE FROM RENTALVEHICLESDB WHERE ID=2
DELETE FROM RENTALVEHICLESDB WHERE ID=3
DELETE FROM RENTALVEHICLESDB WHERE ID=4
DELETE FROM RENTALVEHICLESDB WHERE ID=5
DELETE FROM RENTALVEHICLESDB WHERE ID=6
DELETE FROM RENTALVEHICLESDB WHERE ID=7
DELETE FROM RENTALVEHICLESDB WHERE ID=8
DELETE FROM RENTALVEHICLESDB WHERE ID=9
DELETE FROM RENTALVEHICLESDB WHERE ID=10
DELETE FROM RENTALVEHICLESDB WHERE ID=11
DELETE FROM RENTALVEHICLESDB WHERE ID=12
DELETE FROM RENTALVEHICLESDB WHERE ID=13
DELETE FROM RENTALVEHICLESDB WHERE ID=14
DELETE FROM RENTALVEHICLESDB WHERE ID=15
DELETE FROM RENTALVEHICLESDB WHERE ID=16
DELETE FROM RENTALVEHICLESDB WHERE ID=17
DELETE FROM RENTALVEHICLESDB WHERE ID=18
DELETE FROM RENTALVEHICLESDB WHERE ID=19
COMMIT
INSERT INTO RENTALVEHICLESDB VALUES(20,'Toyota Camry',200000,80,4,'CAR','2022-01-01','ABC123')
COMMIT
INSERT INTO RENTALVEHICLESDB VALUES(21,'Honda CR-V',350000,100,5,'SUV','2021-12-15','XYZ456')
COMMIT
INSERT INTO RENTALVEHICLESDB VALUES(22,'Ford Focus',150000,70,4,'CAR','2020-02-10','DEF789')
COMMIT
INSERT INTO RENTALVEHICLESDB VALUES(23,'Chevrolet Silverado',500000,150,6,'PICKUP_TRUCK','2019-11-05','GHI101')
COMMIT
INSERT INTO RENTALVEHICLESDB VALUES(24,'Volkswagen Golf',400000,75,4,'CAR','2022-03-20','JKL202')
COMMIT
INSERT INTO RENTALVEHICLESDB VALUES(25,'Jeep Wrangler',600000,120,5,'SUV','2021-10-08','MNO303')
COMMIT
INSERT INTO RENTALVEHICLESDB VALUES(26,'Toyota Prius',280000,60,4,'HYBRID_CAR','2022-04-15','PQR404')
COMMIT
INSERT INTO RENTALVEHICLESDB VALUES(27,'Ford Mustang',385000,130,2,'SPORTS_CAR','2021-09-25','STU505')
COMMIT
INSERT INTO RENTALVEHICLESDB VALUES(28,'Nissan Rogue',455000,95,5,'SUV','2023-05-12','VWX606')
COMMIT
INSERT INTO RENTALVEHICLESDB VALUES(29,'Honda Civic',670000,70,4,'CAR','2021-08-14','YZA707')
COMMIT
INSERT INTO RENTALVEHICLESDB VALUES(30,'Tesla Model 3',480000,150,4,'ELECTRIC_VEHICLE','2021-07-09','CDC909')
COMMIT
INSERT INTO RENTALVEHICLESDB VALUES(31,'Audi A4',670000,90,4,'LUXURY_CAR','2018-06-04','EFE111')
COMMIT
INSERT INTO RENTALVEHICLESDB VALUES(32,'Mercedes-Benz E-Class',250000,120,4,'LUXURY_CAR','2022-09-10','HHH313')
COMMIT
INSERT INTO RENTALVEHICLESDB VALUES(33,'BMW X5',500000,110,5,'SUV','2022-08-18','III424')
COMMIT
INSERT INTO RENTALVEHICLESDB VALUES(34,'Audi A3',520000,90,4,'LUXURY_CAR','2022-07-25','JJJ535')
COMMIT
INSERT INTO RENTALVEHICLESDB VALUES(35,'Toyota RAV4',380000,95,5,'SUV','2022-06-12','KKK646')
COMMIT
INSERT INTO RENTALVEHICLESDB VALUES(36,'Ford Escape',530000,85,5,'SUV','2022-05-29','LLL757')
COMMIT
INSERT INTO RENTALVEHICLESDB VALUES(37,'Chevrolet Equinox',390000,95,5,'SUV','2022-03-14','NNN979')
COMMIT
INSERT INTO RENTALVEHICLESDB VALUES(38,'Volkswagen Passat',700000,80,4,'SEDAN','2022-02-22','OOO090')
COMMIT
INSERT INTO RENTALVEHICLESDB VALUES(39,'Nissan Altima',560000,75,4,'SEDAN','2022-01-30','PPP101')
COMMIT
DELETE FROM RENTALVEHICLESDB WHERE ID=20
DELETE FROM RENTALVEHICLESDB WHERE ID=21
DELETE FROM RENTALVEHICLESDB WHERE ID=22
DELETE FROM RENTALVEHICLESDB WHERE ID=23
DELETE FROM RENTALVEHICLESDB WHERE ID=24
DELETE FROM RENTALVEHICLESDB WHERE ID=25
DELETE FROM RENTALVEHICLESDB WHERE ID=26
DELETE FROM RENTALVEHICLESDB WHERE ID=27
DELETE FROM RENTALVEHICLESDB WHERE ID=28
DELETE FROM RENTALVEHICLESDB WHERE ID=29
DELETE FROM RENTALVEHICLESDB WHERE ID=30
DELETE FROM RENTALVEHICLESDB WHERE ID=31
DELETE FROM RENTALVEHICLESDB WHERE ID=32
DELETE FROM RENTALVEHICLESDB WHERE ID=33
DELETE FROM RENTALVEHICLESDB WHERE ID=34
DELETE FROM RENTALVEHICLESDB WHERE ID=35
DELETE FROM RENTALVEHICLESDB WHERE ID=36
DELETE FROM RENTALVEHICLESDB WHERE ID=37
DELETE FROM RENTALVEHICLESDB WHERE ID=38
DELETE FROM RENTALVEHICLESDB WHERE ID=39
COMMIT
INSERT INTO RENTALVEHICLESDB VALUES(40,'Toyota Camry',200000,80,4,'CAR','2022-01-01','ABC123')
COMMIT
INSERT INTO RENTALVEHICLESDB VALUES(41,'Honda CR-V',350000,100,5,'SUV','2021-12-15','XYZ456')
COMMIT
INSERT INTO RENTALVEHICLESDB VALUES(42,'Ford Focus',150000,70,4,'CAR','2020-02-10','DEF789')
COMMIT
INSERT INTO RENTALVEHICLESDB VALUES(43,'Chevrolet Silverado',500000,150,6,'PICKUP_TRUCK','2019-11-05','GHI101')
COMMIT
INSERT INTO RENTALVEHICLESDB VALUES(44,'Volkswagen Golf',400000,75,4,'CAR','2022-03-20','JKL202')
COMMIT
INSERT INTO RENTALVEHICLESDB VALUES(45,'Jeep Wrangler',600000,120,5,'SUV','2021-10-08','MNO303')
COMMIT
INSERT INTO RENTALVEHICLESDB VALUES(46,'Toyota Prius',280000,60,4,'HYBRID_CAR','2022-04-15','PQR404')
COMMIT
INSERT INTO RENTALVEHICLESDB VALUES(47,'Ford Mustang',385000,130,2,'SPORTS_CAR','2021-09-25','STU505')
COMMIT
INSERT INTO RENTALVEHICLESDB VALUES(48,'Nissan Rogue',455000,95,5,'SUV','2023-05-12','VWX606')
COMMIT
INSERT INTO RENTALVEHICLESDB VALUES(49,'Honda Civic',670000,70,4,'CAR','2021-08-14','YZA707')
COMMIT
INSERT INTO RENTALVEHICLESDB VALUES(50,'Tesla Model 3',480000,150,4,'ELECTRIC_VEHICLE','2021-07-09','CDC909')
COMMIT
INSERT INTO RENTALVEHICLESDB VALUES(51,'Audi A4',670000,90,4,'LUXURY_CAR','2018-06-04','EFE111')
COMMIT
INSERT INTO RENTALVEHICLESDB VALUES(52,'Mercedes-Benz E-Class',250000,120,4,'LUXURY_CAR','2022-09-10','HHH313')
COMMIT
INSERT INTO RENTALVEHICLESDB VALUES(53,'BMW X5',500000,110,5,'SUV','2022-08-18','III424')
COMMIT
INSERT INTO RENTALVEHICLESDB VALUES(54,'Audi A3',520000,90,4,'LUXURY_CAR','2022-07-25','JJJ535')
COMMIT
INSERT INTO RENTALVEHICLESDB VALUES(55,'Toyota RAV4',380000,95,5,'SUV','2022-06-12','KKK646')
COMMIT
INSERT INTO RENTALVEHICLESDB VALUES(56,'Ford Escape',530000,85,5,'SUV','2022-05-29','LLL757')
COMMIT
INSERT INTO RENTALVEHICLESDB VALUES(57,'Chevrolet Equinox',390000,95,5,'SUV','2022-03-14','NNN979')
COMMIT
INSERT INTO RENTALVEHICLESDB VALUES(58,'Volkswagen Passat',700000,80,4,'SEDAN','2022-02-22','OOO090')
COMMIT
INSERT INTO RENTALVEHICLESDB VALUES(59,'Nissan Altima',560000,75,4,'SEDAN','2022-01-30','PPP101')
COMMIT
DELETE FROM RENTALVEHICLESDB WHERE ID=42
COMMIT
DELETE FROM RENTALVEHICLESDB WHERE ID=40
DELETE FROM RENTALVEHICLESDB WHERE ID=41
DELETE FROM RENTALVEHICLESDB WHERE ID=43
DELETE FROM RENTALVEHICLESDB WHERE ID=44
DELETE FROM RENTALVEHICLESDB WHERE ID=45
DELETE FROM RENTALVEHICLESDB WHERE ID=46
DELETE FROM RENTALVEHICLESDB WHERE ID=47
DELETE FROM RENTALVEHICLESDB WHERE ID=48
DELETE FROM RENTALVEHICLESDB WHERE ID=49
DELETE FROM RENTALVEHICLESDB WHERE ID=50
DELETE FROM RENTALVEHICLESDB WHERE ID=51
DELETE FROM RENTALVEHICLESDB WHERE ID=52
DELETE FROM RENTALVEHICLESDB WHERE ID=53
DELETE FROM RENTALVEHICLESDB WHERE ID=54
DELETE FROM RENTALVEHICLESDB WHERE ID=55
DELETE FROM RENTALVEHICLESDB WHERE ID=56
DELETE FROM RENTALVEHICLESDB WHERE ID=57
DELETE FROM RENTALVEHICLESDB WHERE ID=58
DELETE FROM RENTALVEHICLESDB WHERE ID=59
COMMIT
INSERT INTO RENTALVEHICLESDB VALUES(60,'Toyota Camry',200000,80,4,'CAR','2022-01-01','ABC123')
COMMIT
INSERT INTO RENTALVEHICLESDB VALUES(61,'Honda CR-V',350000,100,5,'SUV','2021-12-15','XYZ456')
COMMIT
INSERT INTO RENTALVEHICLESDB VALUES(62,'Ford Focus',150000,70,4,'CAR','2020-02-10','DEF789')
COMMIT
INSERT INTO RENTALVEHICLESDB VALUES(63,'Chevrolet Silverado',500000,150,6,'PICKUP_TRUCK','2019-11-05','GHI101')
COMMIT
INSERT INTO RENTALVEHICLESDB VALUES(64,'Volkswagen Golf',400000,75,4,'CAR','2022-03-20','JKL202')
COMMIT
INSERT INTO RENTALVEHICLESDB VALUES(65,'Jeep Wrangler',600000,120,5,'SUV','2021-10-08','MNO303')
COMMIT
INSERT INTO RENTALVEHICLESDB VALUES(66,'Toyota Prius',280000,60,4,'HYBRID_CAR','2022-04-15','PQR404')
COMMIT
INSERT INTO RENTALVEHICLESDB VALUES(67,'Ford Mustang',385000,130,2,'SPORTS_CAR','2021-09-25','STU505')
COMMIT
INSERT INTO RENTALVEHICLESDB VALUES(68,'Nissan Rogue',455000,95,5,'SUV','2023-05-12','VWX606')
COMMIT
INSERT INTO RENTALVEHICLESDB VALUES(69,'Honda Civic',670000,70,4,'CAR','2021-08-14','YZA707')
COMMIT
INSERT INTO RENTALVEHICLESDB VALUES(70,'Tesla Model 3',480000,150,4,'ELECTRIC_VEHICLE','2021-07-09','CDC909')
COMMIT
INSERT INTO RENTALVEHICLESDB VALUES(71,'Audi A4',670000,90,4,'LUXURY_CAR','2018-06-04','EFE111')
COMMIT
INSERT INTO RENTALVEHICLESDB VALUES(72,'Mercedes-Benz E-Class',250000,120,4,'LUXURY_CAR','2022-09-10','HHH313')
COMMIT
INSERT INTO RENTALVEHICLESDB VALUES(73,'BMW X5',500000,110,5,'SUV','2022-08-18','III424')
COMMIT
INSERT INTO RENTALVEHICLESDB VALUES(74,'Audi A3',520000,90,4,'LUXURY_CAR','2022-07-25','JJJ535')
COMMIT
INSERT INTO RENTALVEHICLESDB VALUES(75,'Toyota RAV4',380000,95,5,'SUV','2022-06-12','KKK646')
COMMIT
INSERT INTO RENTALVEHICLESDB VALUES(76,'Ford Escape',530000,85,5,'SUV','2022-05-29','LLL757')
COMMIT
INSERT INTO RENTALVEHICLESDB VALUES(77,'Chevrolet Equinox',390000,95,5,'SUV','2022-03-14','NNN979')
COMMIT
INSERT INTO RENTALVEHICLESDB VALUES(78,'Volkswagen Passat',700000,80,4,'SEDAN','2022-02-22','OOO090')
COMMIT
INSERT INTO RENTALVEHICLESDB VALUES(79,'Nissan Altima',560000,75,4,'SEDAN','2022-01-30','PPP101')
COMMIT
INSERT INTO RENTALVEHICLESDB VALUES(80,'Nissan Altima',560000,75,4,'SEDAN','2022-01-30','PPP101')
COMMIT
DELETE FROM RENTALVEHICLESDB WHERE ID=60
DELETE FROM RENTALVEHICLESDB WHERE ID=61
DELETE FROM RENTALVEHICLESDB WHERE ID=62
DELETE FROM RENTALVEHICLESDB WHERE ID=63
DELETE FROM RENTALVEHICLESDB WHERE ID=64
DELETE FROM RENTALVEHICLESDB WHERE ID=65
DELETE FROM RENTALVEHICLESDB WHERE ID=66
DELETE FROM RENTALVEHICLESDB WHERE ID=67
DELETE FROM RENTALVEHICLESDB WHERE ID=68
DELETE FROM RENTALVEHICLESDB WHERE ID=69
DELETE FROM RENTALVEHICLESDB WHERE ID=70
DELETE FROM RENTALVEHICLESDB WHERE ID=71
DELETE FROM RENTALVEHICLESDB WHERE ID=72
DELETE FROM RENTALVEHICLESDB WHERE ID=73
DELETE FROM RENTALVEHICLESDB WHERE ID=74
DELETE FROM RENTALVEHICLESDB WHERE ID=75
DELETE FROM RENTALVEHICLESDB WHERE ID=76
DELETE FROM RENTALVEHICLESDB WHERE ID=77
DELETE FROM RENTALVEHICLESDB WHERE ID=78
DELETE FROM RENTALVEHICLESDB WHERE ID=79
DELETE FROM RENTALVEHICLESDB WHERE ID=80
COMMIT
INSERT INTO RENTALVEHICLESDB VALUES(81,'Toyota Camry',200000,80,4,'CAR','2022-01-01','ABC123')
COMMIT
INSERT INTO RENTALVEHICLESDB VALUES(82,'Honda CR-V',350000,100,5,'SUV','2021-12-15','XYZ456')
COMMIT
INSERT INTO RENTALVEHICLESDB VALUES(83,'Ford Focus',150000,70,4,'CAR','2020-02-10','DEF789')
COMMIT
INSERT INTO RENTALVEHICLESDB VALUES(84,'Chevrolet Silverado',500000,150,6,'PICKUP_TRUCK','2019-11-05','GHI101')
COMMIT
INSERT INTO RENTALVEHICLESDB VALUES(85,'Volkswagen Golf',400000,75,4,'CAR','2022-03-20','JKL202')
COMMIT
INSERT INTO RENTALVEHICLESDB VALUES(86,'Jeep Wrangler',600000,120,5,'SUV','2021-10-08','MNO303')
COMMIT
INSERT INTO RENTALVEHICLESDB VALUES(87,'Toyota Prius',280000,60,4,'HYBRID_CAR','2022-04-15','PQR404')
COMMIT
INSERT INTO RENTALVEHICLESDB VALUES(88,'Ford Mustang',385000,130,2,'SPORTS_CAR','2021-09-25','STU505')
COMMIT
INSERT INTO RENTALVEHICLESDB VALUES(89,'Nissan Rogue',455000,95,5,'SUV','2023-05-12','VWX606')
COMMIT
INSERT INTO RENTALVEHICLESDB VALUES(90,'Honda Civic',670000,70,4,'CAR','2021-08-14','YZA707')
COMMIT
INSERT INTO RENTALVEHICLESDB VALUES(91,'Tesla Model 3',480000,150,4,'ELECTRIC_VEHICLE','2021-07-09','CDC909')
COMMIT
INSERT INTO RENTALVEHICLESDB VALUES(92,'Audi A4',670000,90,4,'LUXURY_CAR','2018-06-04','EFE111')
COMMIT
INSERT INTO RENTALVEHICLESDB VALUES(93,'Mercedes-Benz E-Class',250000,120,4,'LUXURY_CAR','2022-09-10','HHH313')
COMMIT
INSERT INTO RENTALVEHICLESDB VALUES(94,'BMW X5',500000,110,5,'SUV','2022-08-18','III424')
COMMIT
INSERT INTO RENTALVEHICLESDB VALUES(95,'Audi A3',520000,90,4,'LUXURY_CAR','2022-07-25','JJJ535')
COMMIT
INSERT INTO RENTALVEHICLESDB VALUES(96,'Toyota RAV4',380000,95,5,'SUV','2022-06-12','KKK646')
COMMIT
INSERT INTO RENTALVEHICLESDB VALUES(97,'Ford Escape',530000,85,5,'SUV','2022-05-29','LLL757')
COMMIT
INSERT INTO RENTALVEHICLESDB VALUES(98,'Chevrolet Equinox',390000,95,5,'SUV','2022-03-14','NNN979')
COMMIT
INSERT INTO RENTALVEHICLESDB VALUES(99,'Volkswagen Passat',700000,80,4,'SEDAN','2022-02-22','OOO090')
COMMIT
INSERT INTO RENTALVEHICLESDB VALUES(100,'Nissan Altima',560000,75,4,'SEDAN','2022-01-30','PPP101')
COMMIT
DELETE FROM RENTALVEHICLESDB WHERE ID=83
INSERT INTO RENTALVEHICLESDB VALUES(83,'Opel Corsa',150000,70,4,'CAR','2020-02-10','DEF789')
COMMIT
DELETE FROM RENTALVEHICLESDB WHERE ID=81
DELETE FROM RENTALVEHICLESDB WHERE ID=82
DELETE FROM RENTALVEHICLESDB WHERE ID=83
DELETE FROM RENTALVEHICLESDB WHERE ID=84
DELETE FROM RENTALVEHICLESDB WHERE ID=85
DELETE FROM RENTALVEHICLESDB WHERE ID=86
DELETE FROM RENTALVEHICLESDB WHERE ID=87
DELETE FROM RENTALVEHICLESDB WHERE ID=88
DELETE FROM RENTALVEHICLESDB WHERE ID=89
DELETE FROM RENTALVEHICLESDB WHERE ID=90
DELETE FROM RENTALVEHICLESDB WHERE ID=91
DELETE FROM RENTALVEHICLESDB WHERE ID=92
DELETE FROM RENTALVEHICLESDB WHERE ID=93
DELETE FROM RENTALVEHICLESDB WHERE ID=94
DELETE FROM RENTALVEHICLESDB WHERE ID=95
DELETE FROM RENTALVEHICLESDB WHERE ID=96
DELETE FROM RENTALVEHICLESDB WHERE ID=97
DELETE FROM RENTALVEHICLESDB WHERE ID=98
DELETE FROM RENTALVEHICLESDB WHERE ID=99
DELETE FROM RENTALVEHICLESDB WHERE ID=100
COMMIT
DISCONNECT
