2023-11-26T23:14:22.396 Level: FINER melding Toyota Camry successfully added!
2023-11-26T23:14:22.419 Level: FINER melding Honda CR-V successfully added!
2023-11-26T23:14:22.419 Level: FINER melding Ford Focus successfully added!
2023-11-26T23:14:22.419 Level: FINER melding Chevrolet Silverado successfully added!
2023-11-26T23:14:22.419 Level: FINER melding Volkswagen Golf successfully added!
2023-11-26T23:14:22.420 Level: FINER melding Jeep Wrangler successfully added!
2023-11-26T23:14:22.420 Level: FINER melding Toyota Prius successfully added!
2023-11-26T23:14:22.420 Level: FINER melding Ford Mustang successfully added!
2023-11-26T23:14:22.421 Level: FINER melding Nissan Rogue successfully added!
2023-11-26T23:14:22.422 Level: FINER melding Honda Civic successfully added!
2023-11-26T23:14:22.422 Level: FINER melding Tesla Model 3 successfully added!
2023-11-26T23:14:22.422 Level: FINER melding Audi A4 successfully added!
2023-11-26T23:14:22.422 Level: FINER melding Mercedes-Benz E-Class successfully added!
2023-11-26T23:14:22.423 Level: FINER melding BMW X5 successfully added!
2023-11-26T23:14:22.423 Level: FINER melding Audi A3 successfully added!
2023-11-26T23:14:22.423 Level: FINER melding Toyota RAV4 successfully added!
2023-11-26T23:14:22.423 Level: FINER melding Ford Escape successfully added!
2023-11-26T23:14:22.423 Level: FINER melding Chevrolet Equinox successfully added!
2023-11-26T23:14:22.424 Level: FINER melding Volkswagen Passat successfully added!
2023-11-26T23:14:22.424 Level: FINER melding Nissan Altima successfully added!
2023-11-26T23:14:22.424 Level: FINER melding ABC123 successfully removed!
2023-11-26T23:14:22.425 Level: SEVERE melding Model cannot be empty!
2023-11-26T23:14:22.436 Level: SEVERE melding Rental price for Toyota Camry per day cannot be negative.
2023-11-26T23:14:22.436 Level: SEVERE melding Number of persons for Toyota Camry cannot be negative.
2023-11-26T23:14:22.436 Level: SEVERE melding Manufacture  for Toyota Camry cannot be in the future.
2023-11-26T23:14:22.437 Level: SEVERE melding Vehicle registration number for Toyota Camry cannot be empty.
2023-11-26T23:14:22.437 Level: SEVERE melding Vehicle type for Toyota Camry cannot be null.