/*C3*/SET SCHEMA PUBLIC
DROP TABLE rentalVehiclesDb IF EXISTS
CREATE TABLE rentalVehiclesDb (id INTEGER NOT NULL IDENTITY,model VARCHAR(50) NOT NULL ,producedVehicles DECIMAL(12,00) NOT NULL ,rentalPricePerDay DECIMAL(12,00) NOT NULL ,aantalPersons INTEGER NOT NULL ,vehicleType VARCHAR(25) NOT NULL ,manufactureDate DATE NOT NULL ,vehicleRegNr VARCHAR(25) NOT NULL ) 
INSERT INTO RENTALVEHICLESDB VALUES(0,'Toyota Camry',200000,80,4,'CAR','2022-01-01','ABC123')
COMMIT
INSERT INTO RENTALVEHICLESDB VALUES(1,'Honda CR-V',350000,100,5,'SUV','2021-12-15','XYZ456')
COMMIT
INSERT INTO RENTALVEHICLESDB VALUES(2,'Ford Focus',150000,70,4,'CAR','2020-02-10','DEF789')
COMMIT
INSERT INTO RENTALVEHICLESDB VALUES(3,'Chevrolet Silverado',500000,150,6,'PICKUP_TRUCK','2019-11-05','GHI101')
COMMIT
INSERT INTO RENTALVEHICLESDB VALUES(4,'Volkswagen Golf',400000,75,4,'CAR','2022-03-20','JKL202')
COMMIT
INSERT INTO RENTALVEHICLESDB VALUES(5,'Jeep Wrangler',600000,120,5,'SUV','2021-10-08','MNO303')
COMMIT
INSERT INTO RENTALVEHICLESDB VALUES(6,'Toyota Prius',280000,60,4,'HYBRID_CAR','2022-04-15','PQR404')
COMMIT
INSERT INTO RENTALVEHICLESDB VALUES(7,'Ford Mustang',385000,130,2,'SPORTS_CAR','2021-09-25','STU505')
COMMIT
INSERT INTO RENTALVEHICLESDB VALUES(8,'Nissan Rogue',455000,95,5,'SUV','2023-05-12','VWX606')
COMMIT
INSERT INTO RENTALVEHICLESDB VALUES(9,'Honda Civic',670000,70,4,'CAR','2021-08-14','YZA707')
COMMIT
INSERT INTO RENTALVEHICLESDB VALUES(10,'Tesla Model 3',480000,150,4,'ELECTRIC_VEHICLE','2021-07-09','CDC909')
COMMIT
INSERT INTO RENTALVEHICLESDB VALUES(11,'Audi A4',670000,90,4,'LUXURY_CAR','2018-06-04','EFE111')
COMMIT
INSERT INTO RENTALVEHICLESDB VALUES(12,'Mercedes-Benz E-Class',250000,120,4,'LUXURY_CAR','2022-09-10','HHH313')
COMMIT
INSERT INTO RENTALVEHICLESDB VALUES(13,'BMW X5',500000,110,5,'SUV','2022-08-18','III424')
COMMIT
INSERT INTO RENTALVEHICLESDB VALUES(14,'Audi A3',520000,90,4,'LUXURY_CAR','2022-07-25','JJJ535')
COMMIT
INSERT INTO RENTALVEHICLESDB VALUES(15,'Toyota RAV4',380000,95,5,'SUV','2022-06-12','KKK646')
COMMIT
INSERT INTO RENTALVEHICLESDB VALUES(16,'Ford Escape',530000,85,5,'SUV','2022-05-29','LLL757')
COMMIT
INSERT INTO RENTALVEHICLESDB VALUES(17,'Chevrolet Equinox',390000,95,5,'SUV','2022-03-14','NNN979')
COMMIT
INSERT INTO RENTALVEHICLESDB VALUES(18,'Volkswagen Passat',700000,80,4,'SEDAN','2022-02-22','OOO090')
COMMIT
INSERT INTO RENTALVEHICLESDB VALUES(19,'Nissan Altima',560000,75,4,'SEDAN','2022-01-30','PPP101')
COMMIT
INSERT INTO RENTALVEHICLESDB VALUES(20,'Subaro',0,0,6,'OTHER','2023-12-13','AAAAAA')
COMMIT
